[ 09-06-08 16:14:21 ]

错误信息：[ myApp add index ]无法加载模块add
错误页面：/google_svn_cnxct/ader/google_svn_cnxct/ader/index.php/add
错误类型：ThinkException
错误跟踪：
[09-06-08 16:14:06] D:\WWWROOT\cms\google_svn_cnxct\ader\Temp\~runtime.php (7) App->exec()
[09-06-08 16:14:06] D:\WWWROOT\cms\google_svn_cnxct\ader\index.php (14) App->run()

[ 09-06-08 16:15:02 ]

错误信息：[ myApp add index ]无法加载模块add
错误页面：/google_svn_cnxct/ader/google_svn_cnxct/ader/index.php/add
错误类型：ThinkException
错误跟踪：
[09-06-08 16:15:06] D:\WWWROOT\cms\google_svn_cnxct\ader\Temp\~runtime.php (7) App->exec()
[09-06-08 16:15:06] D:\WWWROOT\cms\google_svn_cnxct\ader\index.php (14) App->run()

[ 09-06-08 16:15:03 ]

错误信息：[ myApp add index ]无法加载模块add
错误页面：/google_svn_cnxct/ader/google_svn_cnxct/ader/index.php/add
错误类型：ThinkException
错误跟踪：
[09-06-08 16:15:06] D:\WWWROOT\cms\google_svn_cnxct\ader\Temp\~runtime.php (7) App->exec()
[09-06-08 16:15:06] D:\WWWROOT\cms\google_svn_cnxct\ader\index.php (14) App->run()

[ 09-06-08 16:15:04 ]

错误信息：[ myApp add index ]无法加载模块add
错误页面：/google_svn_cnxct/ader/google_svn_cnxct/ader/index.php/add
错误类型：ThinkException
错误跟踪：
[09-06-08 16:15:06] D:\WWWROOT\cms\google_svn_cnxct\ader\Temp\~runtime.php (7) App->exec()
[09-06-08 16:15:06] D:\WWWROOT\cms\google_svn_cnxct\ader\index.php (14) App->run()

[ 09-06-08 16:15:05 ]

错误信息：[ myApp add index ]无法加载模块add
错误页面：/google_svn_cnxct/ader/google_svn_cnxct/ader/index.php/add
错误类型：ThinkException
错误跟踪：
[09-06-08 16:15:06] D:\WWWROOT\cms\google_svn_cnxct\ader\Temp\~runtime.php (7) App->exec()
[09-06-08 16:15:06] D:\WWWROOT\cms\google_svn_cnxct\ader\index.php (14) App->run()

[ 09-06-08 16:15:06 ]

错误信息：[ myApp add index ]无法加载模块add
错误页面：/google_svn_cnxct/ader/google_svn_cnxct/ader/index.php/add
错误类型：ThinkException
错误跟踪：
[09-06-08 16:15:06] D:\WWWROOT\cms\google_svn_cnxct\ader\Temp\~runtime.php (7) App->exec()
[09-06-08 16:15:06] D:\WWWROOT\cms\google_svn_cnxct\ader\index.php (14) App->run()

[ 09-06-08 16:15:51 ]

错误信息：[ myApp add index ]无法加载模块add
错误页面：/google_svn_cnxct/ader/google_svn_cnxct/ader/index.php/add
错误类型：ThinkException
错误跟踪：
[09-06-08 16:15:06] D:\WWWROOT\cms\google_svn_cnxct\ader\Temp\~runtime.php (7) App->exec()
[09-06-08 16:15:06] D:\WWWROOT\cms\google_svn_cnxct\ader\index.php (14) App->run()

[ 09-06-08 16:18:24 ]

错误信息：[ myApp index add ]无法加载模块index
错误页面：/google_svn_cnxct/ader/google_svn_cnxct/ader/index.php/index/add
错误类型：ThinkException
错误跟踪：
[09-06-08 16:18:06] D:\WWWROOT\cms\google_svn_cnxct\ader\Temp\~runtime.php (7) App->exec()
[09-06-08 16:18:06] D:\WWWROOT\cms\google_svn_cnxct\ader\index.php (14) App->run()

[ 09-06-08 16:18:42 ]

错误信息：[ myApp index add ]无法加载模块index
错误页面：/google_svn_cnxct/ader/google_svn_cnxct/ader/index.php/index/add
错误类型：ThinkException
错误跟踪：
[09-06-08 16:18:06] D:\WWWROOT\cms\google_svn_cnxct\ader\Temp\~runtime.php (7) App->exec()
[09-06-08 16:18:06] D:\WWWROOT\cms\google_svn_cnxct\ader\index.php (14) App->run()

[ 09-06-08 16:18:46 ]

错误信息：[ myApp index index ]无法加载模块index
错误页面：/google_svn_cnxct/ader/google_svn_cnxct/ader/index.php/index
错误类型：ThinkException
错误跟踪：
[09-06-08 16:18:06] D:\WWWROOT\cms\google_svn_cnxct\ader\Temp\~runtime.php (7) App->exec()
[09-06-08 16:18:06] D:\WWWROOT\cms\google_svn_cnxct\ader\index.php (14) App->run()


[ 09-06-08 16:19:22 ]
注意：[8] Undefined variable: think bbbf5a783a205a66d8b11f71c9682a92.php 第 2 行.

[ 09-06-08 16:19:22 ]
注意：[8] Undefined variable: think bbbf5a783a205a66d8b11f71c9682a92.php 第 2 行.

[ 09-06-08 16:19:22 ]
注意：[8] Trying to get property of non-object bbbf5a783a205a66d8b11f71c9682a92.php 第 2 行.

[ 09-06-08 16:19:22 ]
注意：[8] Undefined variable: think bbbf5a783a205a66d8b11f71c9682a92.php 第 3 行.

[ 09-06-08 16:19:22 ]
注意：[8] Undefined variable: think bbbf5a783a205a66d8b11f71c9682a92.php 第 3 行.

[ 09-06-08 16:19:22 ]
注意：[8] Trying to get property of non-object bbbf5a783a205a66d8b11f71c9682a92.php 第 3 行.

[ 09-06-08 16:19:22 ]
注意：[8] Undefined variable: think bbbf5a783a205a66d8b11f71c9682a92.php 第 4 行.

[ 09-06-08 16:19:22 ]
注意：[8] Undefined variable: think bbbf5a783a205a66d8b11f71c9682a92.php 第 4 行.

[ 09-06-08 16:19:22 ]
注意：[8] Trying to get property of non-object bbbf5a783a205a66d8b11f71c9682a92.php 第 4 行.

[ 09-06-08 16:20:09 ]
注意：[8] Undefined variable: think bbbf5a783a205a66d8b11f71c9682a92.php 第 2 行.

[ 09-06-08 16:20:09 ]
注意：[8] Undefined variable: think bbbf5a783a205a66d8b11f71c9682a92.php 第 2 行.

[ 09-06-08 16:20:09 ]
注意：[8] Trying to get property of non-object bbbf5a783a205a66d8b11f71c9682a92.php 第 2 行.

[ 09-06-08 16:20:09 ]
注意：[8] Undefined variable: think bbbf5a783a205a66d8b11f71c9682a92.php 第 3 行.

[ 09-06-08 16:20:09 ]
注意：[8] Undefined variable: think bbbf5a783a205a66d8b11f71c9682a92.php 第 3 行.

[ 09-06-08 16:20:09 ]
注意：[8] Trying to get property of non-object bbbf5a783a205a66d8b11f71c9682a92.php 第 3 行.

[ 09-06-08 16:20:09 ]
注意：[8] Undefined variable: think bbbf5a783a205a66d8b11f71c9682a92.php 第 4 行.

[ 09-06-08 16:20:09 ]
注意：[8] Undefined variable: think bbbf5a783a205a66d8b11f71c9682a92.php 第 4 行.

[ 09-06-08 16:20:09 ]
注意：[8] Trying to get property of non-object bbbf5a783a205a66d8b11f71c9682a92.php 第 4 行.

[ 09-06-08 16:20:10 ]
注意：[8] Undefined variable: think bbbf5a783a205a66d8b11f71c9682a92.php 第 2 行.

[ 09-06-08 16:20:10 ]
注意：[8] Undefined variable: think bbbf5a783a205a66d8b11f71c9682a92.php 第 2 行.

[ 09-06-08 16:20:10 ]
注意：[8] Trying to get property of non-object bbbf5a783a205a66d8b11f71c9682a92.php 第 2 行.

[ 09-06-08 16:20:10 ]
注意：[8] Undefined variable: think bbbf5a783a205a66d8b11f71c9682a92.php 第 3 行.

[ 09-06-08 16:20:10 ]
注意：[8] Undefined variable: think bbbf5a783a205a66d8b11f71c9682a92.php 第 3 行.

[ 09-06-08 16:20:10 ]
注意：[8] Trying to get property of non-object bbbf5a783a205a66d8b11f71c9682a92.php 第 3 行.

[ 09-06-08 16:20:10 ]
注意：[8] Undefined variable: think bbbf5a783a205a66d8b11f71c9682a92.php 第 4 行.

[ 09-06-08 16:20:10 ]
注意：[8] Undefined variable: think bbbf5a783a205a66d8b11f71c9682a92.php 第 4 行.

[ 09-06-08 16:20:10 ]
注意：[8] Trying to get property of non-object bbbf5a783a205a66d8b11f71c9682a92.php 第 4 行.

[ 09-06-08 16:20:39 ]
注意：[8] Undefined variable: think bbbf5a783a205a66d8b11f71c9682a92.php 第 2 行.

[ 09-06-08 16:20:39 ]
注意：[8] Undefined variable: think bbbf5a783a205a66d8b11f71c9682a92.php 第 2 行.

[ 09-06-08 16:20:39 ]
注意：[8] Trying to get property of non-object bbbf5a783a205a66d8b11f71c9682a92.php 第 2 行.

[ 09-06-08 16:20:39 ]
注意：[8] Undefined variable: think bbbf5a783a205a66d8b11f71c9682a92.php 第 3 行.

[ 09-06-08 16:20:39 ]
注意：[8] Undefined variable: think bbbf5a783a205a66d8b11f71c9682a92.php 第 3 行.

[ 09-06-08 16:20:39 ]
注意：[8] Trying to get property of non-object bbbf5a783a205a66d8b11f71c9682a92.php 第 3 行.

[ 09-06-08 16:20:39 ]
注意：[8] Undefined variable: think bbbf5a783a205a66d8b11f71c9682a92.php 第 4 行.

[ 09-06-08 16:20:39 ]
注意：[8] Undefined variable: think bbbf5a783a205a66d8b11f71c9682a92.php 第 4 行.

[ 09-06-08 16:20:39 ]
注意：[8] Trying to get property of non-object bbbf5a783a205a66d8b11f71c9682a92.php 第 4 行.

[ 09-06-08 16:20:40 ]
注意：[8] Undefined variable: think bbbf5a783a205a66d8b11f71c9682a92.php 第 2 行.

[ 09-06-08 16:20:40 ]
注意：[8] Undefined variable: think bbbf5a783a205a66d8b11f71c9682a92.php 第 2 行.

[ 09-06-08 16:20:40 ]
注意：[8] Trying to get property of non-object bbbf5a783a205a66d8b11f71c9682a92.php 第 2 行.

[ 09-06-08 16:20:40 ]
注意：[8] Undefined variable: think bbbf5a783a205a66d8b11f71c9682a92.php 第 3 行.

[ 09-06-08 16:20:40 ]
注意：[8] Undefined variable: think bbbf5a783a205a66d8b11f71c9682a92.php 第 3 行.

[ 09-06-08 16:20:40 ]
注意：[8] Trying to get property of non-object bbbf5a783a205a66d8b11f71c9682a92.php 第 3 行.

[ 09-06-08 16:20:40 ]
注意：[8] Undefined variable: think bbbf5a783a205a66d8b11f71c9682a92.php 第 4 行.

[ 09-06-08 16:20:40 ]
注意：[8] Undefined variable: think bbbf5a783a205a66d8b11f71c9682a92.php 第 4 行.

[ 09-06-08 16:20:40 ]
注意：[8] Trying to get property of non-object bbbf5a783a205a66d8b11f71c9682a92.php 第 4 行.

[ 09-06-08 16:23:16 ]
注意：[8] Undefined variable: think bbbf5a783a205a66d8b11f71c9682a92.php 第 2 行.

[ 09-06-08 16:23:16 ]
注意：[8] Undefined variable: think bbbf5a783a205a66d8b11f71c9682a92.php 第 2 行.

[ 09-06-08 16:23:16 ]
注意：[8] Trying to get property of non-object bbbf5a783a205a66d8b11f71c9682a92.php 第 2 行.

[ 09-06-08 16:23:16 ]
注意：[8] Undefined variable: think bbbf5a783a205a66d8b11f71c9682a92.php 第 3 行.

[ 09-06-08 16:23:16 ]
注意：[8] Undefined variable: think bbbf5a783a205a66d8b11f71c9682a92.php 第 3 行.

[ 09-06-08 16:23:16 ]
注意：[8] Trying to get property of non-object bbbf5a783a205a66d8b11f71c9682a92.php 第 3 行.

[ 09-06-08 16:23:16 ]
注意：[8] Undefined variable: think bbbf5a783a205a66d8b11f71c9682a92.php 第 4 行.

[ 09-06-08 16:23:16 ]
注意：[8] Undefined variable: think bbbf5a783a205a66d8b11f71c9682a92.php 第 4 行.

[ 09-06-08 16:23:16 ]
注意：[8] Trying to get property of non-object bbbf5a783a205a66d8b11f71c9682a92.php 第 4 行.
[ 09-06-08 16:23:56 ]

错误信息：[ myApp lang zh-cn ]无法加载模块lang
错误页面：/google_svn_cnxct/ader/google_svn_cnxct/ader/index.php/lang/zh-cn/Index/add/
错误类型：ThinkException
错误跟踪：
[09-06-08 16:23:06] D:\WWWROOT\cms\google_svn_cnxct\ader\Temp\~runtime.php (7) App->exec()
[09-06-08 16:23:06] D:\WWWROOT\cms\google_svn_cnxct\ader\index.php (14) App->run()


[ 09-06-08 16:25:43 ]
注意：[8] Undefined variable: think bbbf5a783a205a66d8b11f71c9682a92.php 第 2 行.

[ 09-06-08 16:25:43 ]
注意：[8] Undefined variable: think bbbf5a783a205a66d8b11f71c9682a92.php 第 2 行.

[ 09-06-08 16:25:43 ]
注意：[8] Trying to get property of non-object bbbf5a783a205a66d8b11f71c9682a92.php 第 2 行.

[ 09-06-08 16:25:43 ]
注意：[8] Undefined variable: think bbbf5a783a205a66d8b11f71c9682a92.php 第 3 行.

[ 09-06-08 16:25:43 ]
注意：[8] Undefined variable: think bbbf5a783a205a66d8b11f71c9682a92.php 第 3 行.

[ 09-06-08 16:25:43 ]
注意：[8] Trying to get property of non-object bbbf5a783a205a66d8b11f71c9682a92.php 第 3 行.

[ 09-06-08 16:25:43 ]
注意：[8] Undefined variable: think bbbf5a783a205a66d8b11f71c9682a92.php 第 4 行.

[ 09-06-08 16:25:43 ]
注意：[8] Undefined variable: think bbbf5a783a205a66d8b11f71c9682a92.php 第 4 行.

[ 09-06-08 16:25:43 ]
注意：[8] Trying to get property of non-object bbbf5a783a205a66d8b11f71c9682a92.php 第 4 行.

[ 09-06-08 16:25:43 ]
注意：[8] Undefined variable: think bbbf5a783a205a66d8b11f71c9682a92.php 第 5 行.

[ 09-06-08 16:25:43 ]
注意：[8] Undefined variable: think bbbf5a783a205a66d8b11f71c9682a92.php 第 5 行.

[ 09-06-08 16:25:43 ]
注意：[8] Trying to get property of non-object bbbf5a783a205a66d8b11f71c9682a92.php 第 5 行.

[ 09-06-08 16:25:43 ]
注意：[8] Undefined variable: think bbbf5a783a205a66d8b11f71c9682a92.php 第 6 行.

[ 09-06-08 16:25:43 ]
注意：[8] Undefined variable: think bbbf5a783a205a66d8b11f71c9682a92.php 第 6 行.

[ 09-06-08 16:25:43 ]
注意：[8] Trying to get property of non-object bbbf5a783a205a66d8b11f71c9682a92.php 第 6 行.

[ 09-06-08 16:25:43 ]
注意：[8] Undefined variable: think bbbf5a783a205a66d8b11f71c9682a92.php 第 7 行.

[ 09-06-08 16:25:43 ]
注意：[8] Undefined variable: think bbbf5a783a205a66d8b11f71c9682a92.php 第 7 行.

[ 09-06-08 16:25:43 ]
注意：[8] Trying to get property of non-object bbbf5a783a205a66d8b11f71c9682a92.php 第 7 行.

[ 09-06-08 16:27:56 ]
注意：[8] Undefined variable: think bbbf5a783a205a66d8b11f71c9682a92.php 第 2 行.

[ 09-06-08 16:27:56 ]
注意：[8] Undefined variable: think bbbf5a783a205a66d8b11f71c9682a92.php 第 2 行.

[ 09-06-08 16:27:56 ]
注意：[8] Trying to get property of non-object bbbf5a783a205a66d8b11f71c9682a92.php 第 2 行.

[ 09-06-08 16:27:56 ]
注意：[8] Undefined variable: think bbbf5a783a205a66d8b11f71c9682a92.php 第 3 行.

[ 09-06-08 16:27:56 ]
注意：[8] Undefined variable: think bbbf5a783a205a66d8b11f71c9682a92.php 第 3 行.

[ 09-06-08 16:27:56 ]
注意：[8] Trying to get property of non-object bbbf5a783a205a66d8b11f71c9682a92.php 第 3 行.

[ 09-06-08 16:27:56 ]
注意：[8] Undefined variable: think bbbf5a783a205a66d8b11f71c9682a92.php 第 4 行.

[ 09-06-08 16:27:56 ]
注意：[8] Undefined variable: think bbbf5a783a205a66d8b11f71c9682a92.php 第 4 行.

[ 09-06-08 16:27:56 ]
注意：[8] Trying to get property of non-object bbbf5a783a205a66d8b11f71c9682a92.php 第 4 行.

[ 09-06-08 16:27:56 ]
注意：[8] Undefined variable: think bbbf5a783a205a66d8b11f71c9682a92.php 第 5 行.

[ 09-06-08 16:27:56 ]
注意：[8] Undefined variable: think bbbf5a783a205a66d8b11f71c9682a92.php 第 5 行.

[ 09-06-08 16:27:56 ]
注意：[8] Trying to get property of non-object bbbf5a783a205a66d8b11f71c9682a92.php 第 5 行.

[ 09-06-08 16:27:56 ]
注意：[8] Undefined variable: think bbbf5a783a205a66d8b11f71c9682a92.php 第 6 行.

[ 09-06-08 16:27:56 ]
注意：[8] Undefined variable: think bbbf5a783a205a66d8b11f71c9682a92.php 第 6 行.

[ 09-06-08 16:27:56 ]
注意：[8] Trying to get property of non-object bbbf5a783a205a66d8b11f71c9682a92.php 第 6 行.

[ 09-06-08 16:27:56 ]
注意：[8] Undefined variable: think bbbf5a783a205a66d8b11f71c9682a92.php 第 7 行.

[ 09-06-08 16:27:56 ]
注意：[8] Undefined variable: think bbbf5a783a205a66d8b11f71c9682a92.php 第 7 行.

[ 09-06-08 16:27:56 ]
注意：[8] Trying to get property of non-object bbbf5a783a205a66d8b11f71c9682a92.php 第 7 行.

[ 09-06-08 16:28:20 ]
注意：[8] Undefined variable: think bbbf5a783a205a66d8b11f71c9682a92.php 第 2 行.

[ 09-06-08 16:28:20 ]
注意：[8] Undefined variable: think bbbf5a783a205a66d8b11f71c9682a92.php 第 2 行.

[ 09-06-08 16:28:20 ]
注意：[8] Trying to get property of non-object bbbf5a783a205a66d8b11f71c9682a92.php 第 2 行.

[ 09-06-08 16:28:20 ]
注意：[8] Undefined variable: think bbbf5a783a205a66d8b11f71c9682a92.php 第 3 行.

[ 09-06-08 16:28:20 ]
注意：[8] Undefined variable: think bbbf5a783a205a66d8b11f71c9682a92.php 第 3 行.

[ 09-06-08 16:28:20 ]
注意：[8] Trying to get property of non-object bbbf5a783a205a66d8b11f71c9682a92.php 第 3 行.

[ 09-06-08 16:28:20 ]
注意：[8] Undefined variable: think bbbf5a783a205a66d8b11f71c9682a92.php 第 4 行.

[ 09-06-08 16:28:20 ]
注意：[8] Undefined variable: think bbbf5a783a205a66d8b11f71c9682a92.php 第 4 行.

[ 09-06-08 16:28:20 ]
注意：[8] Trying to get property of non-object bbbf5a783a205a66d8b11f71c9682a92.php 第 4 行.

[ 09-06-08 16:28:20 ]
注意：[8] Undefined variable: think bbbf5a783a205a66d8b11f71c9682a92.php 第 5 行.

[ 09-06-08 16:28:20 ]
注意：[8] Undefined variable: think bbbf5a783a205a66d8b11f71c9682a92.php 第 5 行.

[ 09-06-08 16:28:20 ]
注意：[8] Trying to get property of non-object bbbf5a783a205a66d8b11f71c9682a92.php 第 5 行.

[ 09-06-08 16:28:20 ]
注意：[8] Undefined variable: think bbbf5a783a205a66d8b11f71c9682a92.php 第 6 行.

[ 09-06-08 16:28:20 ]
注意：[8] Undefined variable: think bbbf5a783a205a66d8b11f71c9682a92.php 第 6 行.

[ 09-06-08 16:28:20 ]
注意：[8] Trying to get property of non-object bbbf5a783a205a66d8b11f71c9682a92.php 第 6 行.

[ 09-06-08 16:28:20 ]
注意：[8] Undefined variable: think bbbf5a783a205a66d8b11f71c9682a92.php 第 7 行.

[ 09-06-08 16:28:20 ]
注意：[8] Undefined variable: think bbbf5a783a205a66d8b11f71c9682a92.php 第 7 行.

[ 09-06-08 16:28:20 ]
注意：[8] Trying to get property of non-object bbbf5a783a205a66d8b11f71c9682a92.php 第 7 行.

[ 09-06-08 16:28:28 ]
注意：[8] Undefined variable: think bbbf5a783a205a66d8b11f71c9682a92.php 第 2 行.

[ 09-06-08 16:28:28 ]
注意：[8] Undefined variable: think bbbf5a783a205a66d8b11f71c9682a92.php 第 2 行.

[ 09-06-08 16:28:28 ]
注意：[8] Trying to get property of non-object bbbf5a783a205a66d8b11f71c9682a92.php 第 2 行.

[ 09-06-08 16:28:28 ]
注意：[8] Undefined variable: think bbbf5a783a205a66d8b11f71c9682a92.php 第 3 行.

[ 09-06-08 16:28:28 ]
注意：[8] Undefined variable: think bbbf5a783a205a66d8b11f71c9682a92.php 第 3 行.

[ 09-06-08 16:28:28 ]
注意：[8] Trying to get property of non-object bbbf5a783a205a66d8b11f71c9682a92.php 第 3 行.

[ 09-06-08 16:28:28 ]
注意：[8] Undefined variable: think bbbf5a783a205a66d8b11f71c9682a92.php 第 4 行.

[ 09-06-08 16:28:28 ]
注意：[8] Undefined variable: think bbbf5a783a205a66d8b11f71c9682a92.php 第 4 行.

[ 09-06-08 16:28:28 ]
注意：[8] Trying to get property of non-object bbbf5a783a205a66d8b11f71c9682a92.php 第 4 行.

[ 09-06-08 16:28:28 ]
注意：[8] Undefined variable: think bbbf5a783a205a66d8b11f71c9682a92.php 第 5 行.

[ 09-06-08 16:28:28 ]
注意：[8] Undefined variable: think bbbf5a783a205a66d8b11f71c9682a92.php 第 5 行.

[ 09-06-08 16:28:28 ]
注意：[8] Trying to get property of non-object bbbf5a783a205a66d8b11f71c9682a92.php 第 5 行.

[ 09-06-08 16:28:28 ]
注意：[8] Undefined variable: think bbbf5a783a205a66d8b11f71c9682a92.php 第 6 行.

[ 09-06-08 16:28:28 ]
注意：[8] Undefined variable: think bbbf5a783a205a66d8b11f71c9682a92.php 第 6 行.

[ 09-06-08 16:28:28 ]
注意：[8] Trying to get property of non-object bbbf5a783a205a66d8b11f71c9682a92.php 第 6 行.

[ 09-06-08 16:28:28 ]
注意：[8] Undefined variable: think bbbf5a783a205a66d8b11f71c9682a92.php 第 7 行.

[ 09-06-08 16:28:28 ]
注意：[8] Undefined variable: think bbbf5a783a205a66d8b11f71c9682a92.php 第 7 行.

[ 09-06-08 16:28:28 ]
注意：[8] Trying to get property of non-object bbbf5a783a205a66d8b11f71c9682a92.php 第 7 行.

[ 09-06-08 16:29:27 ]
注意：[8] Undefined variable: think bbbf5a783a205a66d8b11f71c9682a92.php 第 4 行.

[ 09-06-08 16:29:27 ]
注意：[8] Undefined variable: think bbbf5a783a205a66d8b11f71c9682a92.php 第 4 行.

[ 09-06-08 16:29:27 ]
注意：[8] Trying to get property of non-object bbbf5a783a205a66d8b11f71c9682a92.php 第 4 行.

[ 09-06-08 16:29:27 ]
注意：[8] Undefined variable: think bbbf5a783a205a66d8b11f71c9682a92.php 第 5 行.

[ 09-06-08 16:29:27 ]
注意：[8] Undefined variable: think bbbf5a783a205a66d8b11f71c9682a92.php 第 5 行.

[ 09-06-08 16:29:27 ]
注意：[8] Trying to get property of non-object bbbf5a783a205a66d8b11f71c9682a92.php 第 5 行.

[ 09-06-08 16:29:27 ]
注意：[8] Undefined variable: think bbbf5a783a205a66d8b11f71c9682a92.php 第 6 行.

[ 09-06-08 16:29:27 ]
注意：[8] Undefined variable: think bbbf5a783a205a66d8b11f71c9682a92.php 第 6 行.

[ 09-06-08 16:29:27 ]
注意：[8] Trying to get property of non-object bbbf5a783a205a66d8b11f71c9682a92.php 第 6 行.

[ 09-06-08 16:29:27 ]
注意：[8] Undefined variable: think bbbf5a783a205a66d8b11f71c9682a92.php 第 7 行.

[ 09-06-08 16:29:27 ]
注意：[8] Undefined variable: think bbbf5a783a205a66d8b11f71c9682a92.php 第 7 行.

[ 09-06-08 16:29:27 ]
注意：[8] Trying to get property of non-object bbbf5a783a205a66d8b11f71c9682a92.php 第 7 行.
